Using pre-set license

 COMMAND LINE ARGUMENTS:
/Applications/Unity/Hub/Editor/2020.3.13f1/Unity.app/Contents/MacOS/Unity
-adb2
-batchMode
-noUpm
-name
AssetImportWorker0
-projectPath
/Users/danechaky/Desktop/HACKV4_TEAMDOCS/FactoryGame
-logFile
Logs/AssetImportWorker0.log
-srvPort
53238
Successfully changed project path to: /Users/danechaky/Desktop/HACKV4_TEAMDOCS/FactoryGame
/Users/danechaky/Desktop/HACKV4_TEAMDOCS/FactoryGame
Using Asset Import Pipeline V2.
Refreshing native plugins compatible for Editor in 232.44 ms, found 2 plugins.
Preloading 0 native plugins for Editor in 0.00 ms.
Initialize engine version: 2020.3.13f1 (71691879b7f5)
[Subsystems] Discovering subsystems at path /Applications/Unity/Hub/Editor/2020.3.13f1/Unity.app/Contents/Resources/UnitySubsystems
[Subsystems] Discovering subsystems at path /Users/danechaky/Desktop/HACKV4_TEAMDOCS/FactoryGame/Assets
GfxDevice: creating device client; threaded=0
2021-07-20 13:43:06.744 Unity[12589:303987] Color LCD preferred device: Intel(R) Iris(TM) Plus Graphics (low power)
2021-07-20 13:43:06.744 Unity[12589:303987] Metal devices available: 1
2021-07-20 13:43:06.745 Unity[12589:303987] 0: Intel(R) Iris(TM) Plus Graphics (low power)
2021-07-20 13:43:06.746 Unity[12589:303987] Using device Intel(R) Iris(TM) Plus Graphics (low power)
Initializing Metal device caps: Intel(R) Iris(TM) Plus Graphics
Initialize mono
Mono path[0] = '/Applications/Unity/Hub/Editor/2020.3.13f1/Unity.app/Contents/Managed'
Mono path[1] = '/Applications/Unity/Hub/Editor/2020.3.13f1/Unity.app/Contents/MonoBleedingEdge/lib/mono/unityjit'
Mono config path = '/Applications/Unity/Hub/Editor/2020.3.13f1/Unity.app/Contents/MonoBleedingEdge/etc'
Using monoOptions --debugger-agent=transport=dt_socket,embedding=1,server=y,suspend=n,address=127.0.0.1:56589
Begin MonoManager ReloadAssembly
Registering precompiled unity dll's ...
Register platform support module: /Applications/Unity/Hub/Editor/2020.3.13f1/Unity.app/Contents/PlaybackEngines/MacStandaloneSupport/UnityEditor.OSXStandalone.Extensions.dll
Registered in 0.002875 seconds.
Native extension for OSXStandalone target not found
Refreshing native plugins compatible for Editor in 196.61 ms, found 2 plugins.
Preloading 0 native plugins for Editor in 0.00 ms.
Mono: successfully reloaded assembly
- Completed reload, in 13.597 seconds
Platform modules already initialized, skipping
Registering precompiled user dll's ...
Registered in 0.029489 seconds.
Begin MonoManager ReloadAssembly
Native extension for OSXStandalone target not found
Refreshing native plugins compatible for Editor in 423.64 ms, found 2 plugins.
Preloading 0 native plugins for Editor in 0.00 ms.
Mono: successfully reloaded assembly
- Completed reload, in  9.212 seconds
Platform modules already initialized, skipping
========================================================================
Worker process is ready to serve import requests
Shader 'Universal Render Pipeline/Particles/Lit': fallback shader 'Universal Render Pipeline/Particles/SimpleLit' not found
Shader 'Universal Render Pipeline/Particles/Lit': fallback shader 'Universal Render Pipeline/Particles/SimpleLit' not found
Launching external process: /Applications/Unity/Hub/Editor/2020.3.13f1/Unity.app/Contents/Tools/UnityShaderCompiler
Launched and connected shader compiler UnityShaderCompiler after 0.04 seconds
Refreshing native plugins compatible for Editor in 1.82 ms, found 2 plugins.
Preloading 0 native plugins for Editor in 0.00 ms.
Unloading 2696 Unused Serialized files (Serialized files now loaded: 0)
System memory in use before: 205.7 MB.
System memory in use after: 203.0 MB.

Unloading 54 unused Assets to reduce memory usage. Loaded Objects now: 3093.
Total: 16.741111 ms (FindLiveObjects: 1.034662 ms CreateObjectMapping: 0.444502 ms MarkObjects: 8.020320 ms  DeleteObjects: 7.235073 ms)

AssetImportParameters requested are different than current active one (requested -> active):
  custom:video-decoder-ogg-theora: a1e56fd34408186e4bbccfd4996cb3dc -> 
  custom:container-muxer-webm: aa71ff27fc2769a1b78a27578f13a17b -> 
  custom:container-demuxer-webm: 4f35f7cbe854078d1ac9338744f61a02 -> 
  custom:container-demuxer-ogg: 62fdf1f143b41e24485cea50d1cbac27 -> 
  custom:video-encoder-webm-vp8: eb34c28f22e8b96e1ab97ce403110664 -> 
  custom:framework-osx-AVFoundation: e770b220cccbd017edd2c1fefb359320 -> 
  custom:video-decoder-webm-vp8: 9c59270c3fd7afecdb556c50c9e8de78 -> 
  custom:audio-decoder-ogg-vorbis: bf7c407c2cedff20999df2af8eb42d56 -> 
  custom:audio-encoder-webm-vorbis: bf7c407c2cedff20999df2af8eb42d56 -> 
========================================================================
Received Import Request.
  path: Assets/Materials/Skybox_Mat.mat
  artifactKey: Guid(0ffaa0b7117ba8c47a9d05ae701d4b4d) Importer(815301076,1909f56bfc062723c751e8b465ee728b)
Start importing Assets/Materials/Skybox_Mat.mat using Guid(0ffaa0b7117ba8c47a9d05ae701d4b4d) Importer(815301076,1909f56bfc062723c751e8b465ee728b)  -> (artifact id: '4d54ab3375f41efad00566dcae11def2') in 5.759926 seconds 
  Import took 5.780058 seconds .

========================================================================
Received Import Request.
  Time since last request: 1838.566035 seconds.
  path: Assets/Presets/AudioCompressedInMemory.preset
  artifactKey: Guid(2dd802e4d37c65149922028d3e973832) Importer(815301076,1909f56bfc062723c751e8b465ee728b)
Start importing Assets/Presets/AudioCompressedInMemory.preset using Guid(2dd802e4d37c65149922028d3e973832) Importer(815301076,1909f56bfc062723c751e8b465ee728b)  -> (artifact id: 'ac4de02398cfe62c06251b0f50233ebf') in 0.992855 seconds 
  Import took 1.003768 seconds .

========================================================================
Received Import Request.
  Time since last request: 0.000424 seconds.
  path: Assets/Presets/AudioStreaming.preset
  artifactKey: Guid(86bcce7f5575b54408aa0f3a7d321039) Importer(815301076,1909f56bfc062723c751e8b465ee728b)
Start importing Assets/Presets/AudioStreaming.preset using Guid(86bcce7f5575b54408aa0f3a7d321039) Importer(815301076,1909f56bfc062723c751e8b465ee728b)  -> (artifact id: '9982fbd60bc57b892b2c54d34a0163c0') in 0.010114 seconds 
  Import took 0.018636 seconds .

========================================================================
Received Import Request.
  Time since last request: 0.000773 seconds.
  path: Assets/Presets/NormalTexture.preset
  artifactKey: Guid(14a57cf3b9fa1c74b884aa7e0dcf1faa) Importer(815301076,1909f56bfc062723c751e8b465ee728b)
Start importing Assets/Presets/NormalTexture.preset using Guid(14a57cf3b9fa1c74b884aa7e0dcf1faa) Importer(815301076,1909f56bfc062723c751e8b465ee728b)  -> (artifact id: '9c195482fc53bc4f53f643643f636469') in 0.014747 seconds 
  Import took 0.025530 seconds .

========================================================================
Received Import Request.
  Time since last request: 0.000543 seconds.
  path: Assets/Presets/UtilityTexture.preset
  artifactKey: Guid(45f7b2e3c78185248b3adbb14429c2ab) Importer(815301076,1909f56bfc062723c751e8b465ee728b)
Start importing Assets/Presets/UtilityTexture.preset using Guid(45f7b2e3c78185248b3adbb14429c2ab) Importer(815301076,1909f56bfc062723c751e8b465ee728b)  -> (artifact id: 'ab9c1faeeb59b745cafa0ae79c874a42') in 0.017177 seconds 
  Import took 0.029167 seconds .

========================================================================
Received Import Request.
  Time since last request: 0.136980 seconds.
  path: Assets/Settings/ForwardRenderer.asset
  artifactKey: Guid(4a8e21d5c33334b11b34a596161b9360) Importer(815301076,1909f56bfc062723c751e8b465ee728b)
Start importing Assets/Settings/ForwardRenderer.asset using Guid(4a8e21d5c33334b11b34a596161b9360) Importer(815301076,1909f56bfc062723c751e8b465ee728b)  -> (artifact id: '63cf95242464b0f1307a08bc2392aaaa') in 0.489607 seconds 
  Import took 0.506340 seconds .

========================================================================
Received Import Request.
  Time since last request: 0.000596 seconds.
  path: Assets/Settings/SampleSceneProfile.asset
  artifactKey: Guid(10fc4df2da32a41aaa32d77bc913491c) Importer(815301076,1909f56bfc062723c751e8b465ee728b)
Start importing Assets/Settings/SampleSceneProfile.asset using Guid(10fc4df2da32a41aaa32d77bc913491c) Importer(815301076,1909f56bfc062723c751e8b465ee728b)  -> (artifact id: 'd2b3f476ab718b1cf20d183dd9addfe7') in 0.018992 seconds 
  Import took 0.030114 seconds .

========================================================================
Received Import Request.
  Time since last request: 0.000526 seconds.
  path: Assets/Settings/UniversalRP-LowQuality.asset
  artifactKey: Guid(a31e9f9f9c9d4b9429ed0d1234e22103) Importer(815301076,1909f56bfc062723c751e8b465ee728b)
Start importing Assets/Settings/UniversalRP-LowQuality.asset using Guid(a31e9f9f9c9d4b9429ed0d1234e22103) Importer(815301076,1909f56bfc062723c751e8b465ee728b)  -> (artifact id: 'b226a0bb157262eadf686f6bb5b5f1f8') in 0.009164 seconds 
  Import took 0.021375 seconds .

========================================================================
Received Import Request.
  Time since last request: 0.000884 seconds.
  path: Assets/Settings/UniversalRP-MediumQuality.asset
  artifactKey: Guid(d847b876476d3d6468f5dfcd34266f96) Importer(815301076,1909f56bfc062723c751e8b465ee728b)
Start importing Assets/Settings/UniversalRP-MediumQuality.asset using Guid(d847b876476d3d6468f5dfcd34266f96) Importer(815301076,1909f56bfc062723c751e8b465ee728b)  -> (artifact id: 'd421f548a6507a11f25ec3578746e9c1') in 0.007224 seconds 
  Import took 0.020773 seconds .

========================================================================
Received Import Request.
  Time since last request: 0.000645 seconds.
  path: Assets/Settings/UniversalRP-HighQuality.asset
  artifactKey: Guid(19ba41d7c0026c3459d37c2fe90c55a0) Importer(815301076,1909f56bfc062723c751e8b465ee728b)
Start importing Assets/Settings/UniversalRP-HighQuality.asset using Guid(19ba41d7c0026c3459d37c2fe90c55a0) Importer(815301076,1909f56bfc062723c751e8b465ee728b)  -> (artifact id: '02e18c1f933b70f494440bf5e7626866') in 0.009470 seconds 
  Import took 0.025903 seconds .

========================================================================
Received Import Request.
  Time since last request: 73.798140 seconds.
  path: Assets/Presets
  artifactKey: Guid(558255460b74ec04fa70b5570e9327bd) Importer(815301076,1909f56bfc062723c751e8b465ee728b)
Start importing Assets/Presets using Guid(558255460b74ec04fa70b5570e9327bd) Importer(815301076,1909f56bfc062723c751e8b465ee728b)  -> (artifact id: 'e1966229f3d7993f283b578bcf544b58') in 0.002081 seconds 
  Import took 0.013936 seconds .

========================================================================
Received Import Request.
  Time since last request: 0.003736 seconds.
  path: Assets/Presets
  artifactKey: Guid(558255460b74ec04fa70b5570e9327bd) Importer(815301076,1909f56bfc062723c751e8b465ee728b)
Start importing Assets/Presets using Guid(558255460b74ec04fa70b5570e9327bd) Importer(815301076,1909f56bfc062723c751e8b465ee728b)  -> (artifact id: 'e1966229f3d7993f283b578bcf544b58') in 0.002652 seconds 
  Import took 0.018271 seconds .

========================================================================
Received Import Request.
  Time since last request: 5.405165 seconds.
  path: Assets/Presets/Player.prefab
  artifactKey: Guid(340e820778f144c61a0096c19604c28d) Importer(815301076,1909f56bfc062723c751e8b465ee728b)
Start importing Assets/Presets/Player.prefab using Guid(340e820778f144c61a0096c19604c28d) Importer(815301076,1909f56bfc062723c751e8b465ee728b)  -> (artifact id: '38f5af20d47ce2063df2c2bcc4c12c3b') in 1.726757 seconds 
  Import took 1.743875 seconds .

